<?xml version="1.0" encoding="UTF-8"?>
<!-- Generated by org.testng.reporters.JUnitReportReporter -->
<testsuite hostname="DESKTOP-UQE5I4D" failures="0" tests="1" name="APITesting.demo2_Testng" time="0.010" errors="0" timestamp="2021-11-25T13:10:41 IST" skipped="0">
  <testcase classname="APITesting.demo2_Testng" name="testcase" time="0.010"/>
  <system-out/>
</testsuite> <!-- APITesting.demo2_Testng -->
