<?xml version="1.0" encoding="UTF-8"?>
<!-- Generated by org.testng.reporters.JUnitReportReporter -->
<testsuite skipped="1" hostname="DESKTOP-UQE5I4D" name="APITesting.e_commerce" tests="4" failures="0" timestamp="2021-11-30T15:02:45 IST" time="14.492" errors="0">
  <testcase name="login" time="9.953" classname="APITesting.e_commerce"/>
  <system-out/>
  <testcase name="getusers" time="2.998" classname="APITesting.e_commerce"/>
  <system-out/>
  <testcase name="delete" time="1.541" classname="APITesting.e_commerce"/>
  <system-out/>
  <testcase name="sign_up" classname="APITesting.e_commerce">
    <skipped/>
  </testcase> <!-- sign_up -->
  <system-out/>
</testsuite> <!-- APITesting.e_commerce -->
