<?xml version="1.0" encoding="UTF-8"?>
<!-- Generated by org.testng.reporters.JUnitReportReporter -->
<testsuite skipped="0" hostname="DESKTOP-UQE5I4D" name="APITesting.Demo_TestNg" tests="3" failures="0" timestamp="2021-12-01T12:09:34 IST" time="5.777" errors="0">
  <testcase name="createboard" time="4.382" classname="APITesting.Demo_TestNg"/>
  <system-out/>
  <testcase name="getboard" time="0.565" classname="APITesting.Demo_TestNg"/>
  <system-out/>
  <testcase name="deleteboard" time="0.830" classname="APITesting.Demo_TestNg"/>
  <system-out/>
</testsuite> <!-- APITesting.Demo_TestNg -->
